<component name="libraryTable">
  <library name="junit-jupiter-5.9.3">
    <CLASSES>
      <root url="jar://$PROJECT_DIR$/libs/junit-jupiter-5.9.3.jar!/" />
      <root url="jar://$PROJECT_DIR$/libs/junit-jupiter-api-5.9.3.jar!/" />
      <root url="jar://$PROJECT_DIR$/libs/junit-jupiter-engine-5.9.3.jar!/" />
      <root url="jar://$PROJECT_DIR$/libs/junit-jupiter-params-5.9.3.jar!/" />
      <root url="jar://$PROJECT_DIR$/libs/junit-platform-launcher-1.8.2.jar!/" />
      <root url="jar://$PROJECT_DIR$/libs/junit-platform-engine-1.8.2.jar!/" />
      <root url="jar://$PROJECT_DIR$/libs/junit-platform-commons-1.8.2.jar!/" />
    </CLASSES>
    <JAVADOC />
    <SOURCES />
  </library>
</component>